# JRE version: OpenJDK Runtime Environment (8.0_152-b01) (build 1.8.0_152-release-915-b01)
# Java VM: OpenJDK 64-Bit Server VM (25.152-b01 mixed mode linux-amd64 compressed oops)
Heap:
 PSYoungGen      total 355328K, used 81895K [0x00000000e0000000, 0x0000000100000000, 0x0000000100000000)
  eden space 250880K, 0% used [0x00000000e0000000,0x00000000e0000000,0x00000000ef500000)
  from space 104448K, 78% used [0x00000000f8e80000,0x00000000fde79fc8,0x00000000ff480000)
  to   space 136704K, 0% used [0x00000000ef500000,0x00000000ef500000,0x00000000f7a80000)
 ParOldGen       total 742400K, used 741909K [0x00000000a0000000, 0x00000000cd500000, 0x00000000e0000000)
  object space 742400K, 99% used [0x00000000a0000000,0x00000000cd485770,0x00000000cd500000)
 Metaspace       used 99559K, capacity 103552K, committed 103768K, reserved 1140736K
  class space    used 12135K, capacity 12901K, committed 12928K, reserved 1048576K
GC Heap History (10 events):
Event: 2089.097 GC heap after
Heap after GC invocations=172 (full 18):
 PSYoungGen      total 362496K, used 34688K [0x00000000e0000000, 0x00000000fe180000, 0x0000000100000000)
  eden space 245248K, 0% used [0x00000000e0000000,0x00000000e0000000,0x00000000eef80000)
  from space 117248K, 29% used [0x00000000f6f00000,0x00000000f90e0000,0x00000000fe180000)
  to   space 123904K, 0% used [0x00000000eef80000,0x00000000eef80000,0x00000000f6880000)
 ParOldGen       total 742400K, used 581677K [0x00000000a0000000, 0x00000000cd500000, 0x00000000e0000000)
  object space 742400K, 78% used [0x00000000a0000000,0x00000000c380b550,0x00000000cd500000)
 Metaspace       used 99559K, capacity 103552K, committed 103768K, reserved 1140736K
  class space    used 12135K, capacity 12901K, committed 12928K, reserved 1048576K
}
Event: 2089.333 GC heap before
{Heap before GC invocations=173 (full 18):
 PSYoungGen      total 362496K, used 279936K [0x00000000e0000000, 0x00000000fe180000, 0x0000000100000000)
  eden space 245248K, 100% used [0x00000000e0000000,0x00000000eef80000,0x00000000eef80000)
  from space 117248K, 29% used [0x00000000f6f00000,0x00000000f90e0000,0x00000000fe180000)
  to   space 123904K, 0% used [0x00000000eef80000,0x00000000eef80000,0x00000000f6880000)
 ParOldGen       total 742400K, used 581677K [0x00000000a0000000, 0x00000000cd500000, 0x00000000e0000000)
  object space 742400K, 78% used [0x00000000a0000000,0x00000000c380b550,0x00000000cd500000)
 Metaspace       used 99559K, capacity 103552K, committed 103768K, reserved 1140736K
  class space    used 12135K, capacity 12901K, committed 12928K, reserved 1048576K
Event: 2089.409 GC heap after
Heap after GC invocations=173 (full 18):
 PSYoungGen      total 369152K, used 37838K [0x00000000e0000000, 0x00000000ff000000, 0x0000000100000000)
  eden space 245248K, 0% used [0x00000000e0000000,0x00000000e0000000,0x00000000eef80000)
  from space 123904K, 30% used [0x00000000eef80000,0x00000000f1473a18,0x00000000f6880000)
  to   space 117248K, 0% used [0x00000000f7d80000,0x00000000f7d80000,0x00000000ff000000)
 ParOldGen       total 742400K, used 614873K [0x00000000a0000000, 0x00000000cd500000, 0x00000000e0000000)
  object space 742400K, 82% used [0x00000000a0000000,0x00000000c5876580,0x00000000cd500000)
 Metaspace       used 99559K, capacity 103552K, committed 103768K, reserved 1140736K
  class space    used 12135K, capacity 12901K, committed 12928K, reserved 1048576K
}
Event: 2089.647 GC heap before
{Heap before GC invocations=174 (full 18):
 PSYoungGen      total 369152K, used 283086K [0x00000000e0000000, 0x00000000ff000000, 0x0000000100000000)
  eden space 245248K, 100% used [0x00000000e0000000,0x00000000eef80000,0x00000000eef80000)
  from space 123904K, 30% used [0x00000000eef80000,0x00000000f1473a18,0x00000000f6880000)
  to   space 117248K, 0% used [0x00000000f7d80000,0x00000000f7d80000,0x00000000ff000000)
 ParOldGen       total 742400K, used 614873K [0x00000000a0000000, 0x00000000cd500000, 0x00000000e0000000)
  object space 742400K, 82% used [0x00000000a0000000,0x00000000c5876580,0x00000000cd500000)
 Metaspace       used 99559K, capacity 103552K, committed 103768K, reserved 1140736K
  class space    used 12135K, capacity 12901K, committed 12928K, reserved 1048576K
Event: 2089.729 GC heap after
Heap after GC invocations=174 (full 18):
 PSYoungGen      total 379392K, used 34724K [0x00000000e0000000, 0x00000000fe500000, 0x0000000100000000)
  eden space 273408K, 0% used [0x00000000e0000000,0x00000000e0000000,0x00000000f0b00000)
  from space 105984K, 32% used [0x00000000f7d80000,0x00000000f9f69020,0x00000000fe500000)
  to   space 111616K, 0% used [0x00000000f0b00000,0x00000000f0b00000,0x00000000f7800000)
 ParOldGen       total 742400K, used 651341K [0x00000000a0000000, 0x00000000cd500000, 0x00000000e0000000)
  object space 742400K, 87% used [0x00000000a0000000,0x00000000c7c136a8,0x00000000cd500000)
 Metaspace       used 99559K, capacity 103552K, committed 103768K, reserved 1140736K
  class space    used 12135K, capacity 12901K, committed 12928K, reserved 1048576K
}
Event: 2090.101 GC heap before
{Heap before GC invocations=175 (full 18):
 PSYoungGen      total 379392K, used 308132K [0x00000000e0000000, 0x00000000fe500000, 0x0000000100000000)
  eden space 273408K, 100% used [0x00000000e0000000,0x00000000f0b00000,0x00000000f0b00000)
  from space 105984K, 32% used [0x00000000f7d80000,0x00000000f9f69020,0x00000000fe500000)
  to   space 111616K, 0% used [0x00000000f0b00000,0x00000000f0b00000,0x00000000f7800000)
 ParOldGen       total 742400K, used 651341K [0x00000000a0000000, 0x00000000cd500000, 0x00000000e0000000)
  object space 742400K, 87% used [0x00000000a0000000,0x00000000c7c136a8,0x00000000cd500000)
 Metaspace       used 99559K, capacity 103552K, committed 103768K, reserved 1140736K
  class space    used 12135K, capacity 12901K, committed 12928K, reserved 1048576K
Event: 2090.189 GC heap after
Heap after GC invocations=175 (full 18):
 PSYoungGen      total 385024K, used 42869K [0x00000000e0000000, 0x00000000ff480000, 0x0000000100000000)
  eden space 273408K, 0% used [0x00000000e0000000,0x00000000e0000000,0x00000000f0b00000)
  from space 111616K, 38% used [0x00000000f0b00000,0x00000000f34dd7a0,0x00000000f7800000)
  to   space 104448K, 0% used [0x00000000f8e80000,0x00000000f8e80000,0x00000000ff480000)
 ParOldGen       total 742400K, used 684608K [0x00000000a0000000, 0x00000000cd500000, 0x00000000e0000000)
  object space 742400K, 92% used [0x00000000a0000000,0x00000000c9c90340,0x00000000cd500000)
 Metaspace       used 99559K, capacity 103552K, committed 103768K, reserved 1140736K
  class space    used 12135K, capacity 12901K, committed 12928K, reserved 1048576K
}
Event: 2090.980 GC heap before
{Heap before GC invocations=176 (full 18):
 PSYoungGen      total 385024K, used 316277K [0x00000000e0000000, 0x00000000ff480000, 0x0000000100000000)
  eden space 273408K, 100% used [0x00000000e0000000,0x00000000f0b00000,0x00000000f0b00000)
  from space 111616K, 38% used [0x00000000f0b00000,0x00000000f34dd7a0,0x00000000f7800000)
  to   space 104448K, 0% used [0x00000000f8e80000,0x00000000f8e80000,0x00000000ff480000)
 ParOldGen       total 742400K, used 684608K [0x00000000a0000000, 0x00000000cd500000, 0x00000000e0000000)
  object space 742400K, 92% used [0x00000000a0000000,0x00000000c9c90340,0x00000000cd500000)
 Metaspace       used 99559K, capacity 103552K, committed 103768K, reserved 1140736K
  class space    used 12135K, capacity 12901K, committed 12928K, reserved 1048576K
Event: 2091.105 GC heap after
Heap after GC invocations=176 (full 18):
 PSYoungGen      total 355328K, used 104428K [0x00000000e0000000, 0x0000000100000000, 0x0000000100000000)
  eden space 250880K, 0% used [0x00000000e0000000,0x00000000e0000000,0x00000000ef500000)
  from space 104448K, 99% used [0x00000000f8e80000,0x00000000ff47b338,0x00000000ff480000)
  to   space 136704K, 0% used [0x00000000ef500000,0x00000000ef500000,0x00000000f7a80000)
 ParOldGen       total 742400K, used 726169K [0x00000000a0000000, 0x00000000cd500000, 0x00000000e0000000)
  object space 742400K, 97% used [0x00000000a0000000,0x00000000cc5264a8,0x00000000cd500000)
 Metaspace       used 99559K, capacity 103552K, committed 103768K, reserved 1140736K
  class space    used 12135K, capacity 12901K, committed 12928K, reserved 1048576K
}
Event: 2091.109 GC heap before
{Heap before GC invocations=177 (full 19):
 PSYoungGen      total 355328K, used 104428K [0x00000000e0000000, 0x0000000100000000, 0x0000000100000000)
  eden space 250880K, 0% used [0x00000000e0000000,0x00000000e0000000,0x00000000ef500000)
  from space 104448K, 99% used [0x00000000f8e80000,0x00000000ff47b338,0x00000000ff480000)
  to   space 136704K, 0% used [0x00000000ef500000,0x00000000ef500000,0x00000000f7a80000)
 ParOldGen       total 742400K, used 726169K [0x00000000a0000000, 0x00000000cd500000, 0x00000000e0000000)
  object space 742400K, 97% used [0x00000000a0000000,0x00000000cc5264a8,0x00000000cd500000)
 Metaspace       used 99559K, capacity 103552K, committed 103768K, reserved 1140736K
  class space    used 12135K, capacity 12901K, committed 12928K, reserved 1048576K

