# JRE version: OpenJDK Runtime Environment (8.0_152-b01) (build 1.8.0_152-release-915-b01)
# Java VM: OpenJDK 64-Bit Server VM (25.152-b01 mixed mode linux-amd64 compressed oops)
Heap:
 PSYoungGen      total 378368K, used 0K [0x00000000e0000000, 0x00000000ff680000, 0x0000000100000000)
  eden space 252928K, 0% used [0x00000000e0000000,0x00000000e0000000,0x00000000ef700000)
  from space 125440K, 0% used [0x00000000ef700000,0x00000000ef700000,0x00000000f7180000)
  to   space 118272K, 0% used [0x00000000f8300000,0x00000000f8300000,0x00000000ff680000)
 ParOldGen       total 647168K, used 524908K [0x00000000a0000000, 0x00000000c7800000, 0x00000000e0000000)
  object space 647168K, 81% used [0x00000000a0000000,0x00000000c009b1b0,0x00000000c7800000)
 Metaspace       used 103218K, capacity 108510K, committed 109272K, reserved 1144832K
  class space    used 12327K, capacity 13414K, committed 13568K, reserved 1048576K
GC Heap History (10 events):
Event: 3691.426 GC heap after
Heap after GC invocations=478 (full 42):
 PSYoungGen      total 354304K, used 32596K [0x00000000e0000000, 0x00000000ff880000, 0x0000000100000000)
  eden space 202240K, 0% used [0x00000000e0000000,0x00000000e0000000,0x00000000ec580000)
  from space 152064K, 21% used [0x00000000ec580000,0x00000000ee5550a0,0x00000000f5a00000)
  to   space 145408K, 0% used [0x00000000f6a80000,0x00000000f6a80000,0x00000000ff880000)
 ParOldGen       total 647168K, used 477132K [0x00000000a0000000, 0x00000000c7800000, 0x00000000e0000000)
  object space 647168K, 73% used [0x00000000a0000000,0x00000000bd1f3360,0x00000000c7800000)
 Metaspace       used 103492K, capacity 108968K, committed 109272K, reserved 1144832K
  class space    used 12373K, capacity 13498K, committed 13568K, reserved 1048576K
}
Event: 3691.828 GC heap before
{Heap before GC invocations=479 (full 42):
 PSYoungGen      total 354304K, used 234836K [0x00000000e0000000, 0x00000000ff880000, 0x0000000100000000)
  eden space 202240K, 100% used [0x00000000e0000000,0x00000000ec580000,0x00000000ec580000)
  from space 152064K, 21% used [0x00000000ec580000,0x00000000ee5550a0,0x00000000f5a00000)
  to   space 145408K, 0% used [0x00000000f6a80000,0x00000000f6a80000,0x00000000ff880000)
 ParOldGen       total 647168K, used 477132K [0x00000000a0000000, 0x00000000c7800000, 0x00000000e0000000)
  object space 647168K, 73% used [0x00000000a0000000,0x00000000bd1f3360,0x00000000c7800000)
 Metaspace       used 103492K, capacity 108968K, committed 109272K, reserved 1144832K
  class space    used 12373K, capacity 13498K, committed 13568K, reserved 1048576K
Event: 3692.242 GC heap after
Heap after GC invocations=479 (full 42):
 PSYoungGen      total 360960K, used 30500K [0x00000000e0000000, 0x00000000fed80000, 0x0000000100000000)
  eden space 226816K, 0% used [0x00000000e0000000,0x00000000e0000000,0x00000000edd80000)
  from space 134144K, 22% used [0x00000000f6a80000,0x00000000f8849348,0x00000000fed80000)
  to   space 139264K, 0% used [0x00000000edd80000,0x00000000edd80000,0x00000000f6580000)
 ParOldGen       total 647168K, used 508092K [0x00000000a0000000, 0x00000000c7800000, 0x00000000e0000000)
  object space 647168K, 78% used [0x00000000a0000000,0x00000000bf02f110,0x00000000c7800000)
 Metaspace       used 103492K, capacity 108968K, committed 109272K, reserved 1144832K
  class space    used 12373K, capacity 13498K, committed 13568K, reserved 1048576K
}
Event: 3692.695 GC heap before
{Heap before GC invocations=480 (full 42):
 PSYoungGen      total 360960K, used 257316K [0x00000000e0000000, 0x00000000fed80000, 0x0000000100000000)
  eden space 226816K, 100% used [0x00000000e0000000,0x00000000edd80000,0x00000000edd80000)
  from space 134144K, 22% used [0x00000000f6a80000,0x00000000f8849348,0x00000000fed80000)
  to   space 139264K, 0% used [0x00000000edd80000,0x00000000edd80000,0x00000000f6580000)
 ParOldGen       total 647168K, used 508092K [0x00000000a0000000, 0x00000000c7800000, 0x00000000e0000000)
  object space 647168K, 78% used [0x00000000a0000000,0x00000000bf02f110,0x00000000c7800000)
 Metaspace       used 103492K, capacity 108968K, committed 109272K, reserved 1144832K
  class space    used 12373K, capacity 13498K, committed 13568K, reserved 1048576K
Event: 3693.005 GC heap after
Heap after GC invocations=480 (full 42):
 PSYoungGen      total 366080K, used 35656K [0x00000000e0000000, 0x00000000ff700000, 0x0000000100000000)
  eden space 226816K, 0% used [0x00000000e0000000,0x00000000e0000000,0x00000000edd80000)
  from space 139264K, 25% used [0x00000000edd80000,0x00000000f00521f0,0x00000000f6580000)
  to   space 132096K, 0% used [0x00000000f7600000,0x00000000f7600000,0x00000000ff700000)
 ParOldGen       total 647168K, used 537030K [0x00000000a0000000, 0x00000000c7800000, 0x00000000e0000000)
  object space 647168K, 82% used [0x00000000a0000000,0x00000000c0c71be8,0x00000000c7800000)
 Metaspace       used 103492K, capacity 108968K, committed 109272K, reserved 1144832K
  class space    used 12373K, capacity 13498K, committed 13568K, reserved 1048576K
}
Event: 3693.384 GC heap before
{Heap before GC invocations=481 (full 42):
 PSYoungGen      total 366080K, used 262472K [0x00000000e0000000, 0x00000000ff700000, 0x0000000100000000)
  eden space 226816K, 100% used [0x00000000e0000000,0x00000000edd80000,0x00000000edd80000)
  from space 139264K, 25% used [0x00000000edd80000,0x00000000f00521f0,0x00000000f6580000)
  to   space 132096K, 0% used [0x00000000f7600000,0x00000000f7600000,0x00000000ff700000)
 ParOldGen       total 647168K, used 537030K [0x00000000a0000000, 0x00000000c7800000, 0x00000000e0000000)
  object space 647168K, 82% used [0x00000000a0000000,0x00000000c0c71be8,0x00000000c7800000)
 Metaspace       used 103492K, capacity 108968K, committed 109272K, reserved 1144832K
  class space    used 12373K, capacity 13498K, committed 13568K, reserved 1048576K
Event: 3693.772 GC heap after
Heap after GC invocations=481 (full 42):
 PSYoungGen      total 373760K, used 35374K [0x00000000e0000000, 0x00000000fec00000, 0x0000000100000000)
  eden space 252928K, 0% used [0x00000000e0000000,0x00000000e0000000,0x00000000ef700000)
  from space 120832K, 29% used [0x00000000f7600000,0x00000000f988b968,0x00000000fec00000)
  to   space 125440K, 0% used [0x00000000ef700000,0x00000000ef700000,0x00000000f7180000)
 ParOldGen       total 647168K, used 569888K [0x00000000a0000000, 0x00000000c7800000, 0x00000000e0000000)
  object space 647168K, 88% used [0x00000000a0000000,0x00000000c2c88288,0x00000000c7800000)
 Metaspace       used 103492K, capacity 108968K, committed 109272K, reserved 1144832K
  class space    used 12373K, capacity 13498K, committed 13568K, reserved 1048576K
}
Event: 3694.411 GC heap before
{Heap before GC invocations=482 (full 42):
 PSYoungGen      total 373760K, used 288302K [0x00000000e0000000, 0x00000000fec00000, 0x0000000100000000)
  eden space 252928K, 100% used [0x00000000e0000000,0x00000000ef700000,0x00000000ef700000)
  from space 120832K, 29% used [0x00000000f7600000,0x00000000f988b968,0x00000000fec00000)
  to   space 125440K, 0% used [0x00000000ef700000,0x00000000ef700000,0x00000000f7180000)
 ParOldGen       total 647168K, used 569888K [0x00000000a0000000, 0x00000000c7800000, 0x00000000e0000000)
  object space 647168K, 88% used [0x00000000a0000000,0x00000000c2c88288,0x00000000c7800000)
 Metaspace       used 103492K, capacity 108968K, committed 109272K, reserved 1144832K
  class space    used 12373K, capacity 13498K, committed 13568K, reserved 1048576K
Event: 3694.888 GC heap after
Heap after GC invocations=482 (full 42):
 PSYoungGen      total 378368K, used 41446K [0x00000000e0000000, 0x00000000ff680000, 0x0000000100000000)
  eden space 252928K, 0% used [0x00000000e0000000,0x00000000e0000000,0x00000000ef700000)
  from space 125440K, 33% used [0x00000000ef700000,0x00000000f1f79918,0x00000000f7180000)
  to   space 118272K, 0% used [0x00000000f8300000,0x00000000f8300000,0x00000000ff680000)
 ParOldGen       total 647168K, used 603770K [0x00000000a0000000, 0x00000000c7800000, 0x00000000e0000000)
  object space 647168K, 93% used [0x00000000a0000000,0x00000000c4d9eb68,0x00000000c7800000)
 Metaspace       used 103492K, capacity 108968K, committed 109272K, reserved 1144832K
  class space    used 12373K, capacity 13498K, committed 13568K, reserved 1048576K
}
Event: 3694.888 GC heap before
{Heap before GC invocations=483 (full 43):
 PSYoungGen      total 378368K, used 41446K [0x00000000e0000000, 0x00000000ff680000, 0x0000000100000000)
  eden space 252928K, 0% used [0x00000000e0000000,0x00000000e0000000,0x00000000ef700000)
  from space 125440K, 33% used [0x00000000ef700000,0x00000000f1f79918,0x00000000f7180000)
  to   space 118272K, 0% used [0x00000000f8300000,0x00000000f8300000,0x00000000ff680000)
 ParOldGen       total 647168K, used 603770K [0x00000000a0000000, 0x00000000c7800000, 0x00000000e0000000)
  object space 647168K, 93% used [0x00000000a0000000,0x00000000c4d9eb68,0x00000000c7800000)
 Metaspace       used 103492K, capacity 108968K, committed 109272K, reserved 1144832K
  class space    used 12373K, capacity 13498K, committed 13568K, reserved 1048576K

