# JRE version: OpenJDK Runtime Environment (8.0_152-b01) (build 1.8.0_152-release-915-b01)
# Java VM: OpenJDK 64-Bit Server VM (25.152-b01 mixed mode linux-amd64 compressed oops)
Heap:
 PSYoungGen      total 349696K, used 0K [0x00000000e0000000, 0x0000000100000000, 0x0000000100000000)
  eden space 175104K, 0% used [0x00000000e0000000,0x00000000e0000000,0x00000000eab00000)
  from space 174592K, 0% used [0x00000000f5580000,0x00000000f5580000,0x0000000100000000)
  to   space 174592K, 0% used [0x00000000eab00000,0x00000000eab00000,0x00000000f5580000)
 ParOldGen       total 592896K, used 456210K [0x00000000a0000000, 0x00000000c4300000, 0x00000000e0000000)
  object space 592896K, 76% used [0x00000000a0000000,0x00000000bbd84bc8,0x00000000c4300000)
 Metaspace       used 105299K, capacity 110200K, committed 110936K, reserved 1146880K
  class space    used 12649K, capacity 13595K, committed 13696K, reserved 1048576K
GC Heap History (10 events):
Event: 8741.691 GC heap after
Heap after GC invocations=250 (full 23):
 PSYoungGen      total 349696K, used 74631K [0x00000000e0000000, 0x0000000100000000, 0x0000000100000000)
  eden space 175104K, 0% used [0x00000000e0000000,0x00000000e0000000,0x00000000eab00000)
  from space 174592K, 42% used [0x00000000f5580000,0x00000000f9e61f78,0x0000000100000000)
  to   space 174592K, 0% used [0x00000000eab00000,0x00000000eab00000,0x00000000f5580000)
 ParOldGen       total 592896K, used 396856K [0x00000000a0000000, 0x00000000c4300000, 0x00000000e0000000)
  object space 592896K, 66% used [0x00000000a0000000,0x00000000b838e388,0x00000000c4300000)
 Metaspace       used 105590K, capacity 110676K, committed 110936K, reserved 1146880K
  class space    used 12697K, capacity 13682K, committed 13696K, reserved 1048576K
}
Event: 8742.075 GC heap before
{Heap before GC invocations=251 (full 23):
 PSYoungGen      total 349696K, used 249735K [0x00000000e0000000, 0x0000000100000000, 0x0000000100000000)
  eden space 175104K, 100% used [0x00000000e0000000,0x00000000eab00000,0x00000000eab00000)
  from space 174592K, 42% used [0x00000000f5580000,0x00000000f9e61f78,0x0000000100000000)
  to   space 174592K, 0% used [0x00000000eab00000,0x00000000eab00000,0x00000000f5580000)
 ParOldGen       total 592896K, used 396856K [0x00000000a0000000, 0x00000000c4300000, 0x00000000e0000000)
  object space 592896K, 66% used [0x00000000a0000000,0x00000000b838e388,0x00000000c4300000)
 Metaspace       used 105590K, capacity 110676K, committed 110936K, reserved 1146880K
  class space    used 12697K, capacity 13682K, committed 13696K, reserved 1048576K
Event: 8742.786 GC heap after
Heap after GC invocations=251 (full 23):
 PSYoungGen      total 349696K, used 52855K [0x00000000e0000000, 0x0000000100000000, 0x0000000100000000)
  eden space 175104K, 0% used [0x00000000e0000000,0x00000000e0000000,0x00000000eab00000)
  from space 174592K, 30% used [0x00000000eab00000,0x00000000ede9dd98,0x00000000f5580000)
  to   space 174592K, 0% used [0x00000000f5580000,0x00000000f5580000,0x0000000100000000)
 ParOldGen       total 592896K, used 445198K [0x00000000a0000000, 0x00000000c4300000, 0x00000000e0000000)
  object space 592896K, 75% used [0x00000000a0000000,0x00000000bb2c3ad0,0x00000000c4300000)
 Metaspace       used 105590K, capacity 110676K, committed 110936K, reserved 1146880K
  class space    used 12697K, capacity 13682K, committed 13696K, reserved 1048576K
}
Event: 8743.401 GC heap before
{Heap before GC invocations=252 (full 23):
 PSYoungGen      total 349696K, used 227959K [0x00000000e0000000, 0x0000000100000000, 0x0000000100000000)
  eden space 175104K, 100% used [0x00000000e0000000,0x00000000eab00000,0x00000000eab00000)
  from space 174592K, 30% used [0x00000000eab00000,0x00000000ede9dd98,0x00000000f5580000)
  to   space 174592K, 0% used [0x00000000f5580000,0x00000000f5580000,0x0000000100000000)
 ParOldGen       total 592896K, used 445198K [0x00000000a0000000, 0x00000000c4300000, 0x00000000e0000000)
  object space 592896K, 75% used [0x00000000a0000000,0x00000000bb2c3ad0,0x00000000c4300000)
 Metaspace       used 105590K, capacity 110676K, committed 110936K, reserved 1146880K
  class space    used 12697K, capacity 13682K, committed 13696K, reserved 1048576K
Event: 8743.955 GC heap after
Heap after GC invocations=252 (full 23):
 PSYoungGen      total 349696K, used 28752K [0x00000000e0000000, 0x0000000100000000, 0x0000000100000000)
  eden space 175104K, 0% used [0x00000000e0000000,0x00000000e0000000,0x00000000eab00000)
  from space 174592K, 16% used [0x00000000f5580000,0x00000000f7194070,0x0000000100000000)
  to   space 174592K, 0% used [0x00000000eab00000,0x00000000eab00000,0x00000000f5580000)
 ParOldGen       total 592896K, used 496764K [0x00000000a0000000, 0x00000000c4300000, 0x00000000e0000000)
  object space 592896K, 83% used [0x00000000a0000000,0x00000000be51f398,0x00000000c4300000)
 Metaspace       used 105590K, capacity 110676K, committed 110936K, reserved 1146880K
  class space    used 12697K, capacity 13682K, committed 13696K, reserved 1048576K
}
Event: 8744.177 GC heap before
{Heap before GC invocations=253 (full 23):
 PSYoungGen      total 349696K, used 203856K [0x00000000e0000000, 0x0000000100000000, 0x0000000100000000)
  eden space 175104K, 100% used [0x00000000e0000000,0x00000000eab00000,0x00000000eab00000)
  from space 174592K, 16% used [0x00000000f5580000,0x00000000f7194070,0x0000000100000000)
  to   space 174592K, 0% used [0x00000000eab00000,0x00000000eab00000,0x00000000f5580000)
 ParOldGen       total 592896K, used 496764K [0x00000000a0000000, 0x00000000c4300000, 0x00000000e0000000)
  object space 592896K, 83% used [0x00000000a0000000,0x00000000be51f398,0x00000000c4300000)
 Metaspace       used 105590K, capacity 110676K, committed 110936K, reserved 1146880K
  class space    used 12697K, capacity 13682K, committed 13696K, reserved 1048576K
Event: 8744.452 GC heap after
Heap after GC invocations=253 (full 23):
 PSYoungGen      total 349696K, used 26118K [0x00000000e0000000, 0x0000000100000000, 0x0000000100000000)
  eden space 175104K, 0% used [0x00000000e0000000,0x00000000e0000000,0x00000000eab00000)
  from space 174592K, 14% used [0x00000000eab00000,0x00000000ec481bf8,0x00000000f5580000)
  to   space 174592K, 0% used [0x00000000f5580000,0x00000000f5580000,0x0000000100000000)
 ParOldGen       total 592896K, used 523883K [0x00000000a0000000, 0x00000000c4300000, 0x00000000e0000000)
  object space 592896K, 88% used [0x00000000a0000000,0x00000000bff9af08,0x00000000c4300000)
 Metaspace       used 105590K, capacity 110676K, committed 110936K, reserved 1146880K
  class space    used 12697K, capacity 13682K, committed 13696K, reserved 1048576K
}
Event: 8744.673 GC heap before
{Heap before GC invocations=254 (full 23):
 PSYoungGen      total 349696K, used 201222K [0x00000000e0000000, 0x0000000100000000, 0x0000000100000000)
  eden space 175104K, 100% used [0x00000000e0000000,0x00000000eab00000,0x00000000eab00000)
  from space 174592K, 14% used [0x00000000eab00000,0x00000000ec481bf8,0x00000000f5580000)
  to   space 174592K, 0% used [0x00000000f5580000,0x00000000f5580000,0x0000000100000000)
 ParOldGen       total 592896K, used 523883K [0x00000000a0000000, 0x00000000c4300000, 0x00000000e0000000)
  object space 592896K, 88% used [0x00000000a0000000,0x00000000bff9af18,0x00000000c4300000)
 Metaspace       used 105590K, capacity 110676K, committed 110936K, reserved 1146880K
  class space    used 12697K, capacity 13682K, committed 13696K, reserved 1048576K
Event: 8744.965 GC heap after
Heap after GC invocations=254 (full 23):
 PSYoungGen      total 349696K, used 28522K [0x00000000e0000000, 0x0000000100000000, 0x0000000100000000)
  eden space 175104K, 0% used [0x00000000e0000000,0x00000000e0000000,0x00000000eab00000)
  from space 174592K, 16% used [0x00000000f5580000,0x00000000f715ab80,0x0000000100000000)
  to   space 174592K, 0% used [0x00000000eab00000,0x00000000eab00000,0x00000000f5580000)
 ParOldGen       total 592896K, used 548936K [0x00000000a0000000, 0x00000000c4300000, 0x00000000e0000000)
  object space 592896K, 92% used [0x00000000a0000000,0x00000000c1812368,0x00000000c4300000)
 Metaspace       used 105590K, capacity 110676K, committed 110936K, reserved 1146880K
  class space    used 12697K, capacity 13682K, committed 13696K, reserved 1048576K
}
Event: 8744.965 GC heap before
{Heap before GC invocations=255 (full 24):
 PSYoungGen      total 349696K, used 28522K [0x00000000e0000000, 0x0000000100000000, 0x0000000100000000)
  eden space 175104K, 0% used [0x00000000e0000000,0x00000000e0000000,0x00000000eab00000)
  from space 174592K, 16% used [0x00000000f5580000,0x00000000f715ab80,0x0000000100000000)
  to   space 174592K, 0% used [0x00000000eab00000,0x00000000eab00000,0x00000000f5580000)
 ParOldGen       total 592896K, used 548936K [0x00000000a0000000, 0x00000000c4300000, 0x00000000e0000000)
  object space 592896K, 92% used [0x00000000a0000000,0x00000000c1812368,0x00000000c4300000)
 Metaspace       used 105590K, capacity 110676K, committed 110936K, reserved 1146880K
  class space    used 12697K, capacity 13682K, committed 13696K, reserved 1048576K

