# JRE version: OpenJDK Runtime Environment (8.0_152-b01) (build 1.8.0_152-release-915-b01)
# Java VM: OpenJDK 64-Bit Server VM (25.152-b01 mixed mode linux-amd64 compressed oops)
Heap:
 PSYoungGen      total 135680K, used 16370K [0x00000000ec580000, 0x00000000f5d80000, 0x0000000100000000)
  eden space 119296K, 0% used [0x00000000ec580000,0x00000000ec580000,0x00000000f3a00000)
  from space 16384K, 99% used [0x00000000f3a00000,0x00000000f49fca10,0x00000000f4a00000)
  to   space 12800K, 0% used [0x00000000f4a00000,0x00000000f4a00000,0x00000000f5680000)
 ParOldGen       total 40960K, used 33956K [0x00000000c5000000, 0x00000000c7800000, 0x00000000ec580000)
  object space 40960K, 82% used [0x00000000c5000000,0x00000000c71291e0,0x00000000c7800000)
 Metaspace       used 3805K, capacity 5144K, committed 5376K, reserved 1056768K
  class space    used 392K, capacity 456K, committed 512K, reserved 1048576K
GC Heap History (10 events):
Event: 1.247 GC heap after
Heap after GC invocations=2 (full 0):
 PSYoungGen      total 33280K, used 2541K [0x00000000ec580000, 0x00000000ee880000, 0x0000000100000000)
  eden space 30720K, 0% used [0x00000000ec580000,0x00000000ec580000,0x00000000ee380000)
  from space 2560K, 99% used [0x00000000ee600000,0x00000000ee87b528,0x00000000ee880000)
  to   space 2560K, 0% used [0x00000000ee380000,0x00000000ee380000,0x00000000ee600000)
 ParOldGen       total 40960K, used 941K [0x00000000c5000000, 0x00000000c7800000, 0x00000000ec580000)
  object space 40960K, 2% used [0x00000000c5000000,0x00000000c50eb6c8,0x00000000c7800000)
 Metaspace       used 3711K, capacity 5144K, committed 5376K, reserved 1056768K
  class space    used 385K, capacity 456K, committed 512K, reserved 1048576K
}
Event: 40.649 GC heap before
{Heap before GC invocations=3 (full 0):
 PSYoungGen      total 33280K, used 33261K [0x00000000ec580000, 0x00000000ee880000, 0x0000000100000000)
  eden space 30720K, 100% used [0x00000000ec580000,0x00000000ee380000,0x00000000ee380000)
  from space 2560K, 99% used [0x00000000ee600000,0x00000000ee87b528,0x00000000ee880000)
  to   space 2560K, 0% used [0x00000000ee380000,0x00000000ee380000,0x00000000ee600000)
 ParOldGen       total 40960K, used 941K [0x00000000c5000000, 0x00000000c7800000, 0x00000000ec580000)
  object space 40960K, 2% used [0x00000000c5000000,0x00000000c50eb6c8,0x00000000c7800000)
 Metaspace       used 3769K, capacity 5144K, committed 5376K, reserved 1056768K
  class space    used 390K, capacity 456K, committed 512K, reserved 1048576K
Event: 41.497 GC heap after
Heap after GC invocations=3 (full 0):
 PSYoungGen      total 33280K, used 2548K [0x00000000ec580000, 0x00000000f0680000, 0x0000000100000000)
  eden space 30720K, 0% used [0x00000000ec580000,0x00000000ec580000,0x00000000ee380000)
  from space 2560K, 99% used [0x00000000ee380000,0x00000000ee5fd3a0,0x00000000ee600000)
  to   space 2560K, 0% used [0x00000000f0400000,0x00000000f0400000,0x00000000f0680000)
 ParOldGen       total 40960K, used 4434K [0x00000000c5000000, 0x00000000c7800000, 0x00000000ec580000)
  object space 40960K, 10% used [0x00000000c5000000,0x00000000c54549a0,0x00000000c7800000)
 Metaspace       used 3769K, capacity 5144K, committed 5376K, reserved 1056768K
  class space    used 390K, capacity 456K, committed 512K, reserved 1048576K
}
Event: 41.796 GC heap before
{Heap before GC invocations=4 (full 0):
 PSYoungGen      total 33280K, used 33268K [0x00000000ec580000, 0x00000000f0680000, 0x0000000100000000)
  eden space 30720K, 100% used [0x00000000ec580000,0x00000000ee380000,0x00000000ee380000)
  from space 2560K, 99% used [0x00000000ee380000,0x00000000ee5fd3a0,0x00000000ee600000)
  to   space 2560K, 0% used [0x00000000f0400000,0x00000000f0400000,0x00000000f0680000)
 ParOldGen       total 40960K, used 4434K [0x00000000c5000000, 0x00000000c7800000, 0x00000000ec580000)
  object space 40960K, 10% used [0x00000000c5000000,0x00000000c54549a0,0x00000000c7800000)
 Metaspace       used 3775K, capacity 5144K, committed 5376K, reserved 1056768K
  class space    used 390K, capacity 456K, committed 512K, reserved 1048576K
Event: 41.808 GC heap after
Heap after GC invocations=4 (full 0):
 PSYoungGen      total 64000K, used 2555K [0x00000000ec580000, 0x00000000f0680000, 0x0000000100000000)
  eden space 61440K, 0% used [0x00000000ec580000,0x00000000ec580000,0x00000000f0180000)
  from space 2560K, 99% used [0x00000000f0400000,0x00000000f067ecc0,0x00000000f0680000)
  to   space 2560K, 0% used [0x00000000f0180000,0x00000000f0180000,0x00000000f0400000)
 ParOldGen       total 40960K, used 9652K [0x00000000c5000000, 0x00000000c7800000, 0x00000000ec580000)
  object space 40960K, 23% used [0x00000000c5000000,0x00000000c596d0e0,0x00000000c7800000)
 Metaspace       used 3775K, capacity 5144K, committed 5376K, reserved 1056768K
  class space    used 390K, capacity 456K, committed 512K, reserved 1048576K
}
Event: 42.130 GC heap before
{Heap before GC invocations=5 (full 0):
 PSYoungGen      total 64000K, used 63995K [0x00000000ec580000, 0x00000000f0680000, 0x0000000100000000)
  eden space 61440K, 100% used [0x00000000ec580000,0x00000000f0180000,0x00000000f0180000)
  from space 2560K, 99% used [0x00000000f0400000,0x00000000f067ecc0,0x00000000f0680000)
  to   space 2560K, 0% used [0x00000000f0180000,0x00000000f0180000,0x00000000f0400000)
 ParOldGen       total 40960K, used 9652K [0x00000000c5000000, 0x00000000c7800000, 0x00000000ec580000)
  object space 40960K, 23% used [0x00000000c5000000,0x00000000c596d0e0,0x00000000c7800000)
 Metaspace       used 3777K, capacity 5144K, committed 5376K, reserved 1056768K
  class space    used 390K, capacity 456K, committed 512K, reserved 1048576K
Event: 42.160 GC heap after
Heap after GC invocations=5 (full 0):
 PSYoungGen      total 64000K, used 2539K [0x00000000ec580000, 0x00000000f5680000, 0x0000000100000000)
  eden space 61440K, 0% used [0x00000000ec580000,0x00000000ec580000,0x00000000f0180000)
  from space 2560K, 99% used [0x00000000f0180000,0x00000000f03faec8,0x00000000f0400000)
  to   space 12800K, 0% used [0x00000000f4a00000,0x00000000f4a00000,0x00000000f5680000)
 ParOldGen       total 40960K, used 18677K [0x00000000c5000000, 0x00000000c7800000, 0x00000000ec580000)
  object space 40960K, 45% used [0x00000000c5000000,0x00000000c623d6e8,0x00000000c7800000)
 Metaspace       used 3777K, capacity 5144K, committed 5376K, reserved 1056768K
  class space    used 390K, capacity 456K, committed 512K, reserved 1048576K
}
Event: 42.397 GC heap before
{Heap before GC invocations=6 (full 0):
 PSYoungGen      total 64000K, used 63979K [0x00000000ec580000, 0x00000000f5680000, 0x0000000100000000)
  eden space 61440K, 100% used [0x00000000ec580000,0x00000000f0180000,0x00000000f0180000)
  from space 2560K, 99% used [0x00000000f0180000,0x00000000f03faec8,0x00000000f0400000)
  to   space 12800K, 0% used [0x00000000f4a00000,0x00000000f4a00000,0x00000000f5680000)
 ParOldGen       total 40960K, used 18677K [0x00000000c5000000, 0x00000000c7800000, 0x00000000ec580000)
  object space 40960K, 45% used [0x00000000c5000000,0x00000000c623d6e8,0x00000000c7800000)
 Metaspace       used 3799K, capacity 5144K, committed 5376K, reserved 1056768K
  class space    used 392K, capacity 456K, committed 512K, reserved 1048576K
Event: 42.431 GC heap after
Heap after GC invocations=6 (full 0):
 PSYoungGen      total 132096K, used 12771K [0x00000000ec580000, 0x00000000f5d80000, 0x0000000100000000)
  eden space 119296K, 0% used [0x00000000ec580000,0x00000000ec580000,0x00000000f3a00000)
  from space 12800K, 99% used [0x00000000f4a00000,0x00000000f5678e88,0x00000000f5680000)
  to   space 16384K, 0% used [0x00000000f3a00000,0x00000000f3a00000,0x00000000f4a00000)
 ParOldGen       total 40960K, used 20514K [0x00000000c5000000, 0x00000000c7800000, 0x00000000ec580000)
  object space 40960K, 50% used [0x00000000c5000000,0x00000000c6408b88,0x00000000c7800000)
 Metaspace       used 3799K, capacity 5144K, committed 5376K, reserved 1056768K
  class space    used 392K, capacity 456K, committed 512K, reserved 1048576K
}
Event: 42.903 GC heap before
{Heap before GC invocations=7 (full 0):
 PSYoungGen      total 132096K, used 132067K [0x00000000ec580000, 0x00000000f5d80000, 0x0000000100000000)
  eden space 119296K, 100% used [0x00000000ec580000,0x00000000f3a00000,0x00000000f3a00000)
  from space 12800K, 99% used [0x00000000f4a00000,0x00000000f5678e88,0x00000000f5680000)
  to   space 16384K, 0% used [0x00000000f3a00000,0x00000000f3a00000,0x00000000f4a00000)
 ParOldGen       total 40960K, used 20514K [0x00000000c5000000, 0x00000000c7800000, 0x00000000ec580000)
  object space 40960K, 50% used [0x00000000c5000000,0x00000000c6408b88,0x00000000c7800000)
 Metaspace       used 3805K, capacity 5144K, committed 5376K, reserved 1056768K
  class space    used 392K, capacity 456K, committed 512K, reserved 1048576K

