# JRE version: OpenJDK Runtime Environment (8.0_152-b01) (build 1.8.0_152-release-915-b01)
# Java VM: OpenJDK 64-Bit Server VM (25.152-b01 mixed mode linux-amd64 compressed oops)
Heap:
 PSYoungGen      total 133632K, used 17376K [0x00000000ec580000, 0x00000000f5d80000, 0x0000000100000000)
  eden space 116224K, 0% used [0x00000000ec580000,0x00000000ec580000,0x00000000f3700000)
  from space 17408K, 99% used [0x00000000f3700000,0x00000000f47f8020,0x00000000f4800000)
  to   space 12800K, 0% used [0x00000000f4800000,0x00000000f4800000,0x00000000f5480000)
 ParOldGen       total 40960K, used 34071K [0x00000000c5000000, 0x00000000c7800000, 0x00000000ec580000)
  object space 40960K, 83% used [0x00000000c5000000,0x00000000c7145c78,0x00000000c7800000)
 Metaspace       used 3782K, capacity 5144K, committed 5376K, reserved 1056768K
  class space    used 390K, capacity 456K, committed 512K, reserved 1048576K
GC Heap History (10 events):
Event: 0.875 GC heap after
Heap after GC invocations=4 (full 0):
 PSYoungGen      total 33280K, used 2548K [0x00000000ec580000, 0x00000000ee880000, 0x0000000100000000)
  eden space 30720K, 0% used [0x00000000ec580000,0x00000000ec580000,0x00000000ee380000)
  from space 2560K, 99% used [0x00000000ee600000,0x00000000ee87d040,0x00000000ee880000)
  to   space 2560K, 0% used [0x00000000ee380000,0x00000000ee380000,0x00000000ee600000)
 ParOldGen       total 40960K, used 3416K [0x00000000c5000000, 0x00000000c7800000, 0x00000000ec580000)
  object space 40960K, 8% used [0x00000000c5000000,0x00000000c5356110,0x00000000c7800000)
 Metaspace       used 3769K, capacity 5144K, committed 5376K, reserved 1056768K
  class space    used 390K, capacity 456K, committed 512K, reserved 1048576K
}
Event: 1.006 GC heap before
{Heap before GC invocations=5 (full 0):
 PSYoungGen      total 33280K, used 33268K [0x00000000ec580000, 0x00000000ee880000, 0x0000000100000000)
  eden space 30720K, 100% used [0x00000000ec580000,0x00000000ee380000,0x00000000ee380000)
  from space 2560K, 99% used [0x00000000ee600000,0x00000000ee87d040,0x00000000ee880000)
  to   space 2560K, 0% used [0x00000000ee380000,0x00000000ee380000,0x00000000ee600000)
 ParOldGen       total 40960K, used 3416K [0x00000000c5000000, 0x00000000c7800000, 0x00000000ec580000)
  object space 40960K, 8% used [0x00000000c5000000,0x00000000c5356110,0x00000000c7800000)
 Metaspace       used 3775K, capacity 5144K, committed 5376K, reserved 1056768K
  class space    used 390K, capacity 456K, committed 512K, reserved 1048576K
Event: 1.017 GC heap after
Heap after GC invocations=5 (full 0):
 PSYoungGen      total 33280K, used 2544K [0x00000000ec580000, 0x00000000f0f80000, 0x0000000100000000)
  eden space 30720K, 0% used [0x00000000ec580000,0x00000000ec580000,0x00000000ee380000)
  from space 2560K, 99% used [0x00000000ee380000,0x00000000ee5fc040,0x00000000ee600000)
  to   space 7168K, 0% used [0x00000000f0880000,0x00000000f0880000,0x00000000f0f80000)
 ParOldGen       total 40960K, used 8340K [0x00000000c5000000, 0x00000000c7800000, 0x00000000ec580000)
  object space 40960K, 20% used [0x00000000c5000000,0x00000000c5825208,0x00000000c7800000)
 Metaspace       used 3775K, capacity 5144K, committed 5376K, reserved 1056768K
  class space    used 390K, capacity 456K, committed 512K, reserved 1048576K
}
Event: 1.175 GC heap before
{Heap before GC invocations=6 (full 0):
 PSYoungGen      total 33280K, used 33264K [0x00000000ec580000, 0x00000000f0f80000, 0x0000000100000000)
  eden space 30720K, 100% used [0x00000000ec580000,0x00000000ee380000,0x00000000ee380000)
  from space 2560K, 99% used [0x00000000ee380000,0x00000000ee5fc040,0x00000000ee600000)
  to   space 7168K, 0% used [0x00000000f0880000,0x00000000f0880000,0x00000000f0f80000)
 ParOldGen       total 40960K, used 8340K [0x00000000c5000000, 0x00000000c7800000, 0x00000000ec580000)
  object space 40960K, 20% used [0x00000000c5000000,0x00000000c5825208,0x00000000c7800000)
 Metaspace       used 3776K, capacity 5144K, committed 5376K, reserved 1056768K
  class space    used 390K, capacity 456K, committed 512K, reserved 1048576K
Event: 1.190 GC heap after
Heap after GC invocations=6 (full 0):
 PSYoungGen      total 67584K, used 7040K [0x00000000ec580000, 0x00000000f1180000, 0x0000000100000000)
  eden space 60416K, 0% used [0x00000000ec580000,0x00000000ec580000,0x00000000f0080000)
  from space 7168K, 98% used [0x00000000f0880000,0x00000000f0f600b0,0x00000000f0f80000)
  to   space 8192K, 0% used [0x00000000f0080000,0x00000000f0080000,0x00000000f0880000)
 ParOldGen       total 40960K, used 8348K [0x00000000c5000000, 0x00000000c7800000, 0x00000000ec580000)
  object space 40960K, 20% used [0x00000000c5000000,0x00000000c5827208,0x00000000c7800000)
 Metaspace       used 3776K, capacity 5144K, committed 5376K, reserved 1056768K
  class space    used 390K, capacity 456K, committed 512K, reserved 1048576K
}
Event: 1.587 GC heap before
{Heap before GC invocations=7 (full 0):
 PSYoungGen      total 67584K, used 67456K [0x00000000ec580000, 0x00000000f1180000, 0x0000000100000000)
  eden space 60416K, 100% used [0x00000000ec580000,0x00000000f0080000,0x00000000f0080000)
  from space 7168K, 98% used [0x00000000f0880000,0x00000000f0f600b0,0x00000000f0f80000)
  to   space 8192K, 0% used [0x00000000f0080000,0x00000000f0080000,0x00000000f0880000)
 ParOldGen       total 40960K, used 8348K [0x00000000c5000000, 0x00000000c7800000, 0x00000000ec580000)
  object space 40960K, 20% used [0x00000000c5000000,0x00000000c5827208,0x00000000c7800000)
 Metaspace       used 3776K, capacity 5144K, committed 5376K, reserved 1056768K
  class space    used 390K, capacity 456K, committed 512K, reserved 1048576K
Event: 1.609 GC heap after
Heap after GC invocations=7 (full 0):
 PSYoungGen      total 68608K, used 8183K [0x00000000ec580000, 0x00000000f5480000, 0x0000000100000000)
  eden space 60416K, 0% used [0x00000000ec580000,0x00000000ec580000,0x00000000f0080000)
  from space 8192K, 99% used [0x00000000f0080000,0x00000000f087deb8,0x00000000f0880000)
  to   space 12800K, 0% used [0x00000000f4800000,0x00000000f4800000,0x00000000f5480000)
 ParOldGen       total 40960K, used 14346K [0x00000000c5000000, 0x00000000c7800000, 0x00000000ec580000)
  object space 40960K, 35% used [0x00000000c5000000,0x00000000c5e028e0,0x00000000c7800000)
 Metaspace       used 3776K, capacity 5144K, committed 5376K, reserved 1056768K
  class space    used 390K, capacity 456K, committed 512K, reserved 1048576K
}
Event: 1.936 GC heap before
{Heap before GC invocations=8 (full 0):
 PSYoungGen      total 68608K, used 68599K [0x00000000ec580000, 0x00000000f5480000, 0x0000000100000000)
  eden space 60416K, 100% used [0x00000000ec580000,0x00000000f0080000,0x00000000f0080000)
  from space 8192K, 99% used [0x00000000f0080000,0x00000000f087deb8,0x00000000f0880000)
  to   space 12800K, 0% used [0x00000000f4800000,0x00000000f4800000,0x00000000f5480000)
 ParOldGen       total 40960K, used 14346K [0x00000000c5000000, 0x00000000c7800000, 0x00000000ec580000)
  object space 40960K, 35% used [0x00000000c5000000,0x00000000c5e028e0,0x00000000c7800000)
 Metaspace       used 3776K, capacity 5144K, committed 5376K, reserved 1056768K
  class space    used 390K, capacity 456K, committed 512K, reserved 1048576K
Event: 1.985 GC heap after
Heap after GC invocations=8 (full 0):
 PSYoungGen      total 129024K, used 12790K [0x00000000ec580000, 0x00000000f5d80000, 0x0000000100000000)
  eden space 116224K, 0% used [0x00000000ec580000,0x00000000ec580000,0x00000000f3700000)
  from space 12800K, 99% used [0x00000000f4800000,0x00000000f547d9b0,0x00000000f5480000)
  to   space 17408K, 0% used [0x00000000f3700000,0x00000000f3700000,0x00000000f4800000)
 ParOldGen       total 40960K, used 20108K [0x00000000c5000000, 0x00000000c7800000, 0x00000000ec580000)
  object space 40960K, 49% used [0x00000000c5000000,0x00000000c63a3380,0x00000000c7800000)
 Metaspace       used 3776K, capacity 5144K, committed 5376K, reserved 1056768K
  class space    used 390K, capacity 456K, committed 512K, reserved 1048576K
}
Event: 2.706 GC heap before
{Heap before GC invocations=9 (full 0):
 PSYoungGen      total 129024K, used 129014K [0x00000000ec580000, 0x00000000f5d80000, 0x0000000100000000)
  eden space 116224K, 100% used [0x00000000ec580000,0x00000000f3700000,0x00000000f3700000)
  from space 12800K, 99% used [0x00000000f4800000,0x00000000f547d9b0,0x00000000f5480000)
  to   space 17408K, 0% used [0x00000000f3700000,0x00000000f3700000,0x00000000f4800000)
 ParOldGen       total 40960K, used 20108K [0x00000000c5000000, 0x00000000c7800000, 0x00000000ec580000)
  object space 40960K, 49% used [0x00000000c5000000,0x00000000c63a3380,0x00000000c7800000)
 Metaspace       used 3782K, capacity 5144K, committed 5376K, reserved 1056768K
  class space    used 390K, capacity 456K, committed 512K, reserved 1048576K

